<?xml version="1.0" encoding="UTF-8"?>
<!-- Generated by org.testng.reporters.JUnitXMLReporter -->
<testsuite ignored="0" hostname="LAPTOP-GVBL7K3R" failures="0" tests="2" name="Automated Team RCB Test Suite" time="0.095" errors="0" timestamp="28 Jul 2022 05:55:21 GMT">
  <testcase classname="rcb.TeamRCBTests" name="verifyRCBTeamHasOnlyFourForiegnPlayers" time="0.007"/>
  <testcase classname="rcb.TeamRCBTests" name="verifyRCBTeamHasWicketKeeper" time="0.001"/>
</testsuite> <!-- Automated Team RCB Test Suite -->
