<?xml version="1.0" encoding="UTF-8"?>
<!-- Generated by org.testng.reporters.JUnitXMLReporter -->
<testsuite ignored="0" hostname="LAPTOP-GVBL7K3R" failures="2" tests="2" name="Automated Team RCB Test Suite" time="0.117" errors="0" timestamp="28 Jul 2022 05:48:56 GMT">
  <testcase classname="rcb.TeamRCBTests" name="verifyRCBTeamHasOnlyFourForiegnPlayers" time="0.011">
    <failure type="java.lang.AssertionError" message="expected: java.lang.Integer&amp;lt;4&amp;gt; but was: java.lang.String&amp;lt;4&amp;gt;">
      <![CDATA[java.lang.AssertionError: expected: java.lang.Integer<4> but was: java.lang.String<4>
at org.junit.Assert.fail(Assert.java:93)
at org.junit.Assert.failNotEquals(Assert.java:647)
at org.junit.Assert.assertEquals(Assert.java:128)
at org.junit.Assert.assertEquals(Assert.java:147)
at rcb.TeamRCBTests.verifyRCBTeamHasOnlyFourForiegnPlayers(TeamRCBTests.java:28)
... Removed 25 stack frames]]>
    </failure>
  </testcase> <!-- verifyRCBTeamHasOnlyFourForiegnPlayers -->
  <testcase classname="rcb.TeamRCBTests" name="verifyRCBTeamHasWicketKeeper" time="0.002">
    <failure type="java.lang.AssertionError" message="expected: java.lang.Integer&amp;lt;1&amp;gt; but was: java.lang.String&amp;lt;1&amp;gt;">
      <![CDATA[java.lang.AssertionError: expected: java.lang.Integer<1> but was: java.lang.String<1>
at org.junit.Assert.fail(Assert.java:93)
at org.junit.Assert.failNotEquals(Assert.java:647)
at org.junit.Assert.assertEquals(Assert.java:128)
at org.junit.Assert.assertEquals(Assert.java:147)
at rcb.TeamRCBTests.verifyRCBTeamHasWicketKeeper(TeamRCBTests.java:37)
... Removed 25 stack frames]]>
    </failure>
  </testcase> <!-- verifyRCBTeamHasWicketKeeper -->
</testsuite> <!-- Automated Team RCB Test Suite -->
