<?xml version="1.0" encoding="UTF-8"?>
<testng-results ignored="0" total="2" passed="2" failed="0" skipped="0">
  <reporter-output>
  </reporter-output>
  <suite started-at="2022-07-28T05:55:21Z" name="Automated Suite" finished-at="2022-07-28T05:55:21Z" duration-ms="95">
    <groups>
    </groups>
    <test started-at="2022-07-28T05:55:21Z" name="Automated Team RCB Test Suite" finished-at="2022-07-28T05:55:21Z" duration-ms="95">
      <class name="rcb.TeamRCBTests">
        <test-method is-config="true" signature="startUp()[pri:0, instance:rcb.TeamRCBTests@436813f3]" started-at="2022-07-28T05:55:21Z" name="startUp" finished-at="2022-07-28T05:55:21Z" duration-ms="77" status="PASS">
          <reporter-output>
          </reporter-output>
        </test-method> <!-- startUp -->
        <test-method signature="verifyRCBTeamHasOnlyFourForiegnPlayers()[pri:0, instance:rcb.TeamRCBTests@436813f3]" started-at="2022-07-28T05:55:21Z" name="verifyRCBTeamHasOnlyFourForiegnPlayers" finished-at="2022-07-28T05:55:21Z" duration-ms="7" status="PASS">
          <reporter-output>
          </reporter-output>
        </test-method> <!-- verifyRCBTeamHasOnlyFourForiegnPlayers -->
        <test-method signature="verifyRCBTeamHasWicketKeeper()[pri:0, instance:rcb.TeamRCBTests@436813f3]" started-at="2022-07-28T05:55:21Z" name="verifyRCBTeamHasWicketKeeper" finished-at="2022-07-28T05:55:21Z" duration-ms="1" status="PASS">
          <reporter-output>
          </reporter-output>
        </test-method> <!-- verifyRCBTeamHasWicketKeeper -->
      </class> <!-- rcb.TeamRCBTests -->
    </test> <!-- Automated Team RCB Test Suite -->
  </suite> <!-- Automated Suite -->
</testng-results>
